<?xml version="1.0" encoding="UTF-8"?>
<!-- Generated by org.testng.reporters.JUnitXMLReporter -->
<testsuite hostname="DESKTOP-I0SPO2S" ignored="0" name="Test" tests="6" failures="0" timestamp="2020-11-10T20:21:42 IST" time="132.903" errors="0">
  <testcase name="AddVariants" time="19.852" classname="MobileSet2Project.MobileDataAutomation"/>
  <testcase name="AddVariants" time="15.895" classname="MobileSet2Project.MobileDataAutomation"/>
  <testcase name="AddVariants" time="14.968" classname="MobileSet2Project.MobileDataAutomation"/>
  <testcase name="AddVariants" time="16.155" classname="MobileSet2Project.MobileDataAutomation"/>
  <testcase name="AddVariants" time="15.116" classname="MobileSet2Project.MobileDataAutomation"/>
  <testcase name="AddVariants" time="13.729" classname="MobileSet2Project.MobileDataAutomation"/>
</testsuite> <!-- Test -->
